\\tholos.itserv.scss.tcd.ie\Pgrad\pathaks\Desktop\rta-assignment-3\VS2010\InverseKinematics\Debug\cl.command.1.tlog
\\tholos.itserv.scss.tcd.ie\Pgrad\pathaks\Desktop\rta-assignment-3\VS2010\InverseKinematics\Debug\CL.read.1.tlog
\\tholos.itserv.scss.tcd.ie\Pgrad\pathaks\Desktop\rta-assignment-3\VS2010\InverseKinematics\Debug\CL.write.1.tlog
\\THOLOS.ITSERV.SCSS.TCD.IE\PGRAD\PATHAKS\DESKTOP\RTA-ASSIGNMENT-3\VS2010\INVERSEKINEMATICS\DEBUG\INVERSEKINEMATICS.EXE
\\tholos.itserv.scss.tcd.ie\Pgrad\pathaks\Desktop\rta-assignment-3\VS2010\InverseKinematics\Debug\InverseKinematics.exe.embed.manifest
\\THOLOS.ITSERV.SCSS.TCD.IE\PGRAD\PATHAKS\DESKTOP\RTA-ASSIGNMENT-3\VS2010\INVERSEKINEMATICS\DEBUG\INVERSEKINEMATICS.EXE.EMBED.MANIFEST.RES
\\THOLOS.ITSERV.SCSS.TCD.IE\PGRAD\PATHAKS\DESKTOP\RTA-ASSIGNMENT-3\VS2010\INVERSEKINEMATICS\DEBUG\INVERSEKINEMATICS.EXE.INTERMEDIATE.MANIFEST
\\THOLOS.ITSERV.SCSS.TCD.IE\PGRAD\PATHAKS\DESKTOP\RTA-ASSIGNMENT-3\VS2010\INVERSEKINEMATICS\DEBUG\INVERSEKINEMATICS.ILK
\\THOLOS.ITSERV.SCSS.TCD.IE\PGRAD\PATHAKS\DESKTOP\RTA-ASSIGNMENT-3\VS2010\INVERSEKINEMATICS\DEBUG\INVERSEKINEMATICS.PDB
\\tholos.itserv.scss.tcd.ie\Pgrad\pathaks\Desktop\rta-assignment-3\VS2010\InverseKinematics\Debug\InverseKinematics.vcxprojResolveAssemblyReference.cache
\\tholos.itserv.scss.tcd.ie\Pgrad\pathaks\Desktop\rta-assignment-3\VS2010\InverseKinematics\Debug\InverseKinematics.write.1.tlog
\\tholos.itserv.scss.tcd.ie\Pgrad\pathaks\Desktop\rta-assignment-3\VS2010\InverseKinematics\Debug\InverseKinematics_manifest.rc
\\tholos.itserv.scss.tcd.ie\Pgrad\pathaks\Desktop\rta-assignment-3\VS2010\InverseKinematics\Debug\link.7264.read.1.tlog
\\tholos.itserv.scss.tcd.ie\Pgrad\pathaks\Desktop\rta-assignment-3\VS2010\InverseKinematics\Debug\link.7264.write.1.tlog
\\tholos.itserv.scss.tcd.ie\Pgrad\pathaks\Desktop\rta-assignment-3\VS2010\InverseKinematics\Debug\link.7264-cvtres.read.1.tlog
\\tholos.itserv.scss.tcd.ie\Pgrad\pathaks\Desktop\rta-assignment-3\VS2010\InverseKinematics\Debug\link.7264-cvtres.write.1.tlog
\\tholos.itserv.scss.tcd.ie\Pgrad\pathaks\Desktop\rta-assignment-3\VS2010\InverseKinematics\Debug\link.8020.read.1.tlog
\\tholos.itserv.scss.tcd.ie\Pgrad\pathaks\Desktop\rta-assignment-3\VS2010\InverseKinematics\Debug\link.8020.write.1.tlog
\\tholos.itserv.scss.tcd.ie\Pgrad\pathaks\Desktop\rta-assignment-3\VS2010\InverseKinematics\Debug\link.8020-cvtres.read.1.tlog
\\tholos.itserv.scss.tcd.ie\Pgrad\pathaks\Desktop\rta-assignment-3\VS2010\InverseKinematics\Debug\link.8020-cvtres.write.1.tlog
\\tholos.itserv.scss.tcd.ie\Pgrad\pathaks\Desktop\rta-assignment-3\VS2010\InverseKinematics\Debug\link.command.1.tlog
\\tholos.itserv.scss.tcd.ie\Pgrad\pathaks\Desktop\rta-assignment-3\VS2010\InverseKinematics\Debug\link.read.1.tlog
\\tholos.itserv.scss.tcd.ie\Pgrad\pathaks\Desktop\rta-assignment-3\VS2010\InverseKinematics\Debug\link.write.1.tlog
\\tholos.itserv.scss.tcd.ie\Pgrad\pathaks\Desktop\rta-assignment-3\VS2010\InverseKinematics\Debug\link-cvtres.read.1.tlog
\\tholos.itserv.scss.tcd.ie\Pgrad\pathaks\Desktop\rta-assignment-3\VS2010\InverseKinematics\Debug\link-cvtres.write.1.tlog
\\THOLOS.ITSERV.SCSS.TCD.IE\PGRAD\PATHAKS\DESKTOP\RTA-ASSIGNMENT-3\VS2010\INVERSEKINEMATICS\DEBUG\LINKEDSTRUCTURE.OBJ
\\THOLOS.ITSERV.SCSS.TCD.IE\PGRAD\PATHAKS\DESKTOP\RTA-ASSIGNMENT-3\VS2010\INVERSEKINEMATICS\DEBUG\MAIN.OBJ
\\tholos.itserv.scss.tcd.ie\Pgrad\pathaks\Desktop\rta-assignment-3\VS2010\InverseKinematics\Debug\mt.command.1.tlog
\\tholos.itserv.scss.tcd.ie\Pgrad\pathaks\Desktop\rta-assignment-3\VS2010\InverseKinematics\Debug\mt.read.1.tlog
\\tholos.itserv.scss.tcd.ie\Pgrad\pathaks\Desktop\rta-assignment-3\VS2010\InverseKinematics\Debug\mt.write.1.tlog
\\tholos.itserv.scss.tcd.ie\Pgrad\pathaks\Desktop\rta-assignment-3\VS2010\InverseKinematics\Debug\rc.command.1.tlog
\\tholos.itserv.scss.tcd.ie\Pgrad\pathaks\Desktop\rta-assignment-3\VS2010\InverseKinematics\Debug\rc.read.1.tlog
\\tholos.itserv.scss.tcd.ie\Pgrad\pathaks\Desktop\rta-assignment-3\VS2010\InverseKinematics\Debug\rc.write.1.tlog
\\tholos.itserv.scss.tcd.ie\Pgrad\pathaks\Desktop\rta-assignment-3\VS2010\InverseKinematics\Debug\vc100.idb
\\THOLOS.ITSERV.SCSS.TCD.IE\PGRAD\PATHAKS\DESKTOP\RTA-ASSIGNMENT-3\VS2010\INVERSEKINEMATICS\DEBUG\VC100.PDB
